[dcs229:386100] MCW rank 15 bound to socket 1[core 27[hwt 0-3]]: [..../..../..../..../..../..../..../..../..../..../..../..../..../..../..../..../..../..../..../....][..../..../..../..../..../..../..../BBBB/..../..../..../..../..../..../..../..../..../..../..../....]
[dcs229:386100] MCW rank 0 bound to socket 0[core 0[hwt 0-3]]: [BBBB/..../..../..../..../..../..../..../..../..../..../..../..../..../..../..../..../..../..../....][..../..../..../..../..../..../..../..../..../..../..../..../..../..../..../..../..../..../..../....]
[dcs229:386100] MCW rank 1 bound to socket 1[core 20[hwt 0-3]]: [..../..../..../..../..../..../..../..../..../..../..../..../..../..../..../..../..../..../..../....][BBBB/..../..../..../..../..../..../..../..../..../..../..../..../..../..../..../..../..../..../....]
[dcs229:386100] MCW rank 2 bound to socket 0[core 1[hwt 0-3]]: [..../BBBB/..../..../..../..../..../..../..../..../..../..../..../..../..../..../..../..../..../....][..../..../..../..../..../..../..../..../..../..../..../..../..../..../..../..../..../..../..../....]
[dcs229:386100] MCW rank 3 bound to socket 1[core 21[hwt 0-3]]: [..../..../..../..../..../..../..../..../..../..../..../..../..../..../..../..../..../..../..../....][..../BBBB/..../..../..../..../..../..../..../..../..../..../..../..../..../..../..../..../..../....]
[dcs229:386100] MCW rank 4 bound to socket 0[core 2[hwt 0-3]]: [..../..../BBBB/..../..../..../..../..../..../..../..../..../..../..../..../..../..../..../..../....][..../..../..../..../..../..../..../..../..../..../..../..../..../..../..../..../..../..../..../....]
[dcs229:386100] MCW rank 5 bound to socket 1[core 22[hwt 0-3]]: [..../..../..../..../..../..../..../..../..../..../..../..../..../..../..../..../..../..../..../....][..../..../BBBB/..../..../..../..../..../..../..../..../..../..../..../..../..../..../..../..../....]
[dcs229:386100] MCW rank 6 bound to socket 0[core 3[hwt 0-3]]: [..../..../..../BBBB/..../..../..../..../..../..../..../..../..../..../..../..../..../..../..../....][..../..../..../..../..../..../..../..../..../..../..../..../..../..../..../..../..../..../..../....]
[dcs229:386100] MCW rank 7 bound to socket 1[core 23[hwt 0-3]]: [..../..../..../..../..../..../..../..../..../..../..../..../..../..../..../..../..../..../..../....][..../..../..../BBBB/..../..../..../..../..../..../..../..../..../..../..../..../..../..../..../....]
[dcs229:386100] MCW rank 8 bound to socket 0[core 4[hwt 0-3]]: [..../..../..../..../BBBB/..../..../..../..../..../..../..../..../..../..../..../..../..../..../....][..../..../..../..../..../..../..../..../..../..../..../..../..../..../..../..../..../..../..../....]
[dcs229:386100] MCW rank 9 bound to socket 1[core 24[hwt 0-3]]: [..../..../..../..../..../..../..../..../..../..../..../..../..../..../..../..../..../..../..../....][..../..../..../..../BBBB/..../..../..../..../..../..../..../..../..../..../..../..../..../..../....]
[dcs229:386100] MCW rank 10 bound to socket 0[core 5[hwt 0-3]]: [..../..../..../..../..../BBBB/..../..../..../..../..../..../..../..../..../..../..../..../..../....][..../..../..../..../..../..../..../..../..../..../..../..../..../..../..../..../..../..../..../....]
[dcs229:386100] MCW rank 11 bound to socket 1[core 25[hwt 0-3]]: [..../..../..../..../..../..../..../..../..../..../..../..../..../..../..../..../..../..../..../....][..../..../..../..../..../BBBB/..../..../..../..../..../..../..../..../..../..../..../..../..../....]
[dcs229:386100] MCW rank 12 bound to socket 0[core 6[hwt 0-3]]: [..../..../..../..../..../..../BBBB/..../..../..../..../..../..../..../..../..../..../..../..../....][..../..../..../..../..../..../..../..../..../..../..../..../..../..../..../..../..../..../..../....]
[dcs229:386100] MCW rank 13 bound to socket 1[core 26[hwt 0-3]]: [..../..../..../..../..../..../..../..../..../..../..../..../..../..../..../..../..../..../..../....][..../..../..../..../..../..../BBBB/..../..../..../..../..../..../..../..../..../..../..../..../....]
[dcs229:386100] MCW rank 14 bound to socket 0[core 7[hwt 0-3]]: [..../..../..../..../..../..../..../BBBB/..../..../..../..../..../..../..../..../..../..../..../....][..../..../..../..../..../..../..../..../..../..../..../..../..../..../..../..../..../..../..../....]
Scaling type    : 1
MPI ranks       : 16
Samples per rank: 1073741824
Total samples   : 17179869184
Pi              : 3.14159532822668552399
Time            : 17362066
